{"meta": {"format": 3, "version": "7.6.8", "timestamp": "2024-12-01T15:55:12.017513", "branch_coverage": false, "show_contexts": false}, "files": {"src/almanack/__init__.py": {"executed_lines": [1, 14, 15, 16, 17, 24], "summary": {"covered_lines": 5, "num_statements": 5, "percent_covered": 100.0, "percent_covered_display": "100", "missing_lines": 0, "excluded_lines": 0}, "missing_lines": [], "excluded_lines": [], "functions": {"": {"executed_lines": [1, 14, 15, 16, 17, 24], "summary": {"covered_lines": 5, "num_statements": 5, "percent_covered": 100.0, "percent_covered_display": "100", "missing_lines": 0, "excluded_lines": 0}, "missing_lines": [], "excluded_lines": []}}, "classes": {"": {"executed_lines": [1, 14, 15, 16, 17, 24], "summary": {"covered_lines": 5, "num_statements": 5, "percent_covered": 100.0, "percent_covered_display": "100", "missing_lines": 0, "excluded_lines": 0}, "missing_lines": [], "excluded_lines": []}}}, "src/almanack/book.py": {"executed_lines": [1, 6, 7, 9, 13, 32, 35, 36, 39, 42, 43, 44, 47, 48, 49, 50, 53, 54, 63, 64], "summary": {"covered_lines": 19, "num_statements": 19, "percent_covered": 100.0, "percent_covered_display": "100", "missing_lines": 0, "excluded_lines": 0}, "missing_lines": [], "excluded_lines": [], "functions": {"read": {"executed_lines": [32, 35, 36, 39, 42, 43, 44, 47, 48, 49, 50, 53, 54, 63, 64], "summary": {"covered_lines": 15, "num_statements": 15, "percent_covered": 100.0, "percent_covered_display": "100", "missing_lines": 0, "excluded_lines": 0}, "missing_lines": [], "excluded_lines": []}, "": {"executed_lines": [1, 6, 7, 9, 13], "summary": {"covered_lines": 4, "num_statements": 4, "percent_covered": 100.0, "percent_covered_display": "100", "missing_lines": 0, "excluded_lines": 0}, "missing_lines": [], "excluded_lines": []}}, "classes": {"": {"executed_lines": [1, 6, 7, 9, 13, 32, 35, 36, 39, 42, 43, 44, 47, 48, 49, 50, 53, 54, 63, 64], "summary": {"covered_lines": 19, "num_statements": 19, "percent_covered": 100.0, "percent_covered_display": "100", "missing_lines": 0, "excluded_lines": 0}, "missing_lines": [], "excluded_lines": []}}}, "src/almanack/git.py": {"executed_lines": [1, 5, 6, 7, 8, 10, 11, 14, 25, 27, 29, 30, 33, 44, 47, 49, 50, 53, 71, 73, 75, 77, 78, 80, 81, 82, 85, 100, 103, 104, 106, 108, 111, 112, 113, 114, 116, 118, 119, 120, 121, 122, 123, 125, 127, 130, 140, 141, 144, 145, 147, 150, 163, 164, 166, 167, 169, 173, 192, 193, 195, 196, 197, 198, 199, 201, 202, 203, 204, 205, 206, 208, 210, 211, 212, 213, 219, 222, 242, 244, 245, 247, 250, 274, 275, 277, 278, 279, 281, 282, 283, 284, 285, 290, 300, 302, 303, 306, 307, 308, 309, 311, 317, 318, 327], "summary": {"covered_lines": 104, "num_statements": 119, "percent_covered": 87.39495798319328, "percent_covered_display": "87", "missing_lines": 15, "excluded_lines": 0}, "missing_lines": [170, 209, 215, 217, 276, 286, 287, 312, 314, 319, 320, 321, 322, 323, 324], "excluded_lines": [], "functions": {"clone_repository": {"executed_lines": [25, 27, 29, 30], "summary": {"covered_lines": 4, "num_statements": 4, "percent_covered": 100.0, "percent_covered_display": "100", "missing_lines": 0, "excluded_lines": 0}, "missing_lines": [], "excluded_lines": []}, "get_commits": {"executed_lines": [44, 47, 49, 50], "summary": {"covered_lines": 4, "num_statements": 4, "percent_covered": 100.0, "percent_covered_display": "100", "missing_lines": 0, "excluded_lines": 0}, "missing_lines": [], "excluded_lines": []}, "get_edited_files": {"executed_lines": [71, 73, 75, 77, 78, 80, 81, 82], "summary": {"covered_lines": 8, "num_statements": 8, "percent_covered": 100.0, "percent_covered_display": "100", "missing_lines": 0, "excluded_lines": 0}, "missing_lines": [], "excluded_lines": []}, "get_loc_changed": {"executed_lines": [100, 103, 104, 106, 108, 111, 112, 113, 114, 116, 118, 119, 120, 121, 122, 123, 125, 127], "summary": {"covered_lines": 18, "num_statements": 18, "percent_covered": 100.0, "percent_covered_display": "100", "missing_lines": 0, "excluded_lines": 0}, "missing_lines": [], "excluded_lines": []}, "get_most_recent_commits": {"executed_lines": [140, 141, 144, 145, 147], "summary": {"covered_lines": 5, "num_statements": 5, "percent_covered": 100.0, "percent_covered_display": "100", "missing_lines": 0, "excluded_lines": 0}, "missing_lines": [], "excluded_lines": []}, "detect_encoding": {"executed_lines": [163, 164, 166, 167, 169], "summary": {"covered_lines": 5, "num_statements": 6, "percent_covered": 83.33333333333333, "percent_covered_display": "83", "missing_lines": 1, "excluded_lines": 0}, "missing_lines": [170], "excluded_lines": []}, "find_file": {"executed_lines": [192, 193, 195, 196, 197, 198, 199, 201, 202, 203, 204, 205, 206, 208, 210, 211, 212, 213, 219], "summary": {"covered_lines": 19, "num_statements": 22, "percent_covered": 86.36363636363636, "percent_covered_display": "86", "missing_lines": 3, "excluded_lines": 0}, "missing_lines": [209, 215, 217], "excluded_lines": []}, "count_files": {"executed_lines": [242, 244, 245, 247], "summary": {"covered_lines": 4, "num_statements": 4, "percent_covered": 100.0, "percent_covered_display": "100", "missing_lines": 0, "excluded_lines": 0}, "missing_lines": [], "excluded_lines": []}, "read_file": {"executed_lines": [274, 275, 277, 278, 279, 281, 282, 283, 284, 285], "summary": {"covered_lines": 10, "num_statements": 13, "percent_covered": 76.92307692307692, "percent_covered_display": "77", "missing_lines": 3, "excluded_lines": 0}, "missing_lines": [276, 286, 287], "excluded_lines": []}, "get_remote_url": {"executed_lines": [300, 302, 303, 306, 307, 308, 309, 311, 317, 318, 327], "summary": {"covered_lines": 11, "num_statements": 19, "percent_covered": 57.89473684210526, "percent_covered_display": "58", "missing_lines": 8, "excluded_lines": 0}, "missing_lines": [312, 314, 319, 320, 321, 322, 323, 324], "excluded_lines": []}, "": {"executed_lines": [1, 5, 6, 7, 8, 10, 11, 14, 33, 53, 85, 130, 150, 173, 222, 250, 290], "summary": {"covered_lines": 16, "num_statements": 16, "percent_covered": 100.0, "percent_covered_display": "100", "missing_lines": 0, "excluded_lines": 0}, "missing_lines": [], "excluded_lines": []}}, "classes": {"": {"executed_lines": [1, 5, 6, 7, 8, 10, 11, 14, 25, 27, 29, 30, 33, 44, 47, 49, 50, 53, 71, 73, 75, 77, 78, 80, 81, 82, 85, 100, 103, 104, 106, 108, 111, 112, 113, 114, 116, 118, 119, 120, 121, 122, 123, 125, 127, 130, 140, 141, 144, 145, 147, 150, 163, 164, 166, 167, 169, 173, 192, 193, 195, 196, 197, 198, 199, 201, 202, 203, 204, 205, 206, 208, 210, 211, 212, 213, 219, 222, 242, 244, 245, 247, 250, 274, 275, 277, 278, 279, 281, 282, 283, 284, 285, 290, 300, 302, 303, 306, 307, 308, 309, 311, 317, 318, 327], "summary": {"covered_lines": 104, "num_statements": 119, "percent_covered": 87.39495798319328, "percent_covered_display": "87", "missing_lines": 15, "excluded_lines": 0}, "missing_lines": [170, 209, 215, 217, 276, 286, 287, 312, 314, 319, 320, 321, 322, 323, 324], "excluded_lines": []}}}, "src/almanack/metrics/data.py": {"executed_lines": [1, 5, 6, 7, 8, 9, 10, 11, 12, 13, 15, 16, 17, 18, 20, 29, 34, 36, 37, 40, 64, 65, 68, 70, 74, 87, 113, 116, 118, 120, 123, 126, 129, 130, 132, 135, 151, 157, 160, 166, 183, 185, 188, 202, 204, 209, 212, 215, 250, 265, 281, 282, 283, 286, 289, 311, 312, 317, 320, 339, 341, 342, 343, 344, 345, 348, 349, 352, 353, 355, 358, 369, 370, 372, 375, 380, 385, 386, 387, 390, 393, 401, 408, 414, 479, 556, 626, 636, 639, 641, 650, 669, 670, 672, 673, 675, 676, 678, 686, 689, 691, 693, 708, 716, 740, 741, 742, 744, 746, 751, 757, 758, 761, 762, 766, 777, 794, 795, 800, 814, 819, 820, 823, 824, 825, 827, 828, 842, 844, 845, 848, 849, 852, 853, 874, 878], "summary": {"covered_lines": 135, "num_statements": 210, "percent_covered": 64.28571428571429, "percent_covered_display": "64", "missing_lines": 75, "excluded_lines": 0}, "missing_lines": [71, 225, 227, 228, 230, 233, 239, 240, 244, 247, 497, 499, 500, 503, 504, 507, 508, 511, 514, 522, 530, 535, 542, 551, 553, 571, 572, 573, 575, 578, 580, 581, 584, 589, 594, 600, 602, 606, 613, 614, 623, 642, 645, 647, 698, 699, 702, 704, 705, 709, 711, 713, 747, 748, 774, 797, 830, 831, 832, 835, 838, 858, 860, 861, 862, 863, 866, 869, 870, 871, 885, 886, 887, 890, 891], "excluded_lines": [], "functions": {"get_table": {"executed_lines": [64, 65, 68, 70, 74], "summary": {"covered_lines": 5, "num_statements": 6, "percent_covered": 83.33333333333333, "percent_covered_display": "83", "missing_lines": 1, "excluded_lines": 0}, "missing_lines": [71], "excluded_lines": []}, "file_exists_in_repo": {"executed_lines": [113, 116, 118, 120, 123, 126, 129, 130, 132], "summary": {"covered_lines": 9, "num_statements": 9, "percent_covered": 100.0, "percent_covered_display": "100", "missing_lines": 0, "excluded_lines": 0}, "missing_lines": [], "excluded_lines": []}, "is_citable": {"executed_lines": [151, 157, 160, 166, 183, 185], "summary": {"covered_lines": 6, "num_statements": 6, "percent_covered": 100.0, "percent_covered_display": "100", "missing_lines": 0, "excluded_lines": 0}, "missing_lines": [], "excluded_lines": []}, "default_branch_is_not_master": {"executed_lines": [202, 204, 209, 212], "summary": {"covered_lines": 4, "num_statements": 4, "percent_covered": 100.0, "percent_covered_display": "100", "missing_lines": 0, "excluded_lines": 0}, "missing_lines": [], "excluded_lines": []}, "days_of_development": {"executed_lines": [], "summary": {"covered_lines": 0, "num_statements": 9, "percent_covered": 0.0, "percent_covered_display": "0", "missing_lines": 9, "excluded_lines": 0}, "missing_lines": [225, 227, 228, 230, 233, 239, 240, 244, 247], "excluded_lines": []}, "includes_common_docs": {"executed_lines": [265, 281, 282, 283, 286], "summary": {"covered_lines": 5, "num_statements": 5, "percent_covered": 100.0, "percent_covered_display": "100", "missing_lines": 0, "excluded_lines": 0}, "missing_lines": [], "excluded_lines": []}, "count_unique_contributors": {"executed_lines": [311, 312, 317], "summary": {"covered_lines": 3, "num_statements": 3, "percent_covered": 100.0, "percent_covered_display": "100", "missing_lines": 0, "excluded_lines": 0}, "missing_lines": [], "excluded_lines": []}, "count_repo_tags": {"executed_lines": [339, 341, 342, 343, 344, 345, 348, 349, 352, 353, 355], "summary": {"covered_lines": 11, "num_statements": 11, "percent_covered": 100.0, "percent_covered_display": "100", "missing_lines": 0, "excluded_lines": 0}, "missing_lines": [], "excluded_lines": []}, "compute_repo_data": {"executed_lines": [369, 370, 372, 375, 380, 385, 386, 387, 390, 393, 401, 408, 414], "summary": {"covered_lines": 13, "num_statements": 13, "percent_covered": 100.0, "percent_covered_display": "100", "missing_lines": 0, "excluded_lines": 0}, "missing_lines": [], "excluded_lines": []}, "compute_pr_data": {"executed_lines": [], "summary": {"covered_lines": 0, "num_statements": 15, "percent_covered": 0.0, "percent_covered_display": "0", "missing_lines": 15, "excluded_lines": 0}, "missing_lines": [497, 499, 500, 503, 504, 507, 508, 511, 514, 522, 530, 535, 542, 551, 553], "excluded_lines": []}, "process_repo_for_analysis": {"executed_lines": [], "summary": {"covered_lines": 0, "num_statements": 16, "percent_covered": 0.0, "percent_covered_display": "0", "missing_lines": 16, "excluded_lines": 0}, "missing_lines": [571, 572, 573, 575, 578, 580, 581, 584, 589, 594, 600, 602, 606, 613, 614, 623], "excluded_lines": []}, "_get_almanack_version": {"executed_lines": [636, 639, 641], "summary": {"covered_lines": 3, "num_statements": 6, "percent_covered": 50.0, "percent_covered_display": "50", "missing_lines": 3, "excluded_lines": 0}, "missing_lines": [642, 645, 647], "excluded_lines": []}, "get_api_data": {"executed_lines": [669, 670, 672, 673, 675, 676, 678, 686, 689, 691, 693, 708], "summary": {"covered_lines": 12, "num_statements": 20, "percent_covered": 60.0, "percent_covered_display": "60", "missing_lines": 8, "excluded_lines": 0}, "missing_lines": [698, 699, 702, 704, 705, 709, 711, 713], "excluded_lines": []}, "get_github_build_metrics": {"executed_lines": [740, 741, 742, 744, 746, 751, 757, 758, 761, 762, 766], "summary": {"covered_lines": 11, "num_statements": 14, "percent_covered": 78.57142857142857, "percent_covered_display": "79", "missing_lines": 3, "excluded_lines": 0}, "missing_lines": [747, 748, 774], "excluded_lines": []}, "measure_coverage": {"executed_lines": [794, 795], "summary": {"covered_lines": 2, "num_statements": 3, "percent_covered": 66.66666666666667, "percent_covered_display": "67", "missing_lines": 1, "excluded_lines": 0}, "missing_lines": [797], "excluded_lines": []}, "parse_python_coverage_data": {"executed_lines": [814, 819, 820, 823, 824, 825, 827, 828, 842, 844, 845, 848, 849, 852, 853, 874, 878], "summary": {"covered_lines": 17, "num_statements": 36, "percent_covered": 47.22222222222222, "percent_covered_display": "47", "missing_lines": 19, "excluded_lines": 0}, "missing_lines": [830, 831, 832, 835, 838, 858, 860, 861, 862, 863, 866, 869, 870, 871, 885, 886, 887, 890, 891], "excluded_lines": []}, "": {"executed_lines": [1, 5, 6, 7, 8, 9, 10, 11, 12, 13, 15, 16, 17, 18, 20, 29, 34, 36, 37, 40, 87, 135, 188, 215, 250, 289, 320, 358, 479, 556, 626, 650, 716, 777, 800], "summary": {"covered_lines": 34, "num_statements": 34, "percent_covered": 100.0, "percent_covered_display": "100", "missing_lines": 0, "excluded_lines": 0}, "missing_lines": [], "excluded_lines": []}}, "classes": {"": {"executed_lines": [1, 5, 6, 7, 8, 9, 10, 11, 12, 13, 15, 16, 17, 18, 20, 29, 34, 36, 37, 40, 64, 65, 68, 70, 74, 87, 113, 116, 118, 120, 123, 126, 129, 130, 132, 135, 151, 157, 160, 166, 183, 185, 188, 202, 204, 209, 212, 215, 250, 265, 281, 282, 283, 286, 289, 311, 312, 317, 320, 339, 341, 342, 343, 344, 345, 348, 349, 352, 353, 355, 358, 369, 370, 372, 375, 380, 385, 386, 387, 390, 393, 401, 408, 414, 479, 556, 626, 636, 639, 641, 650, 669, 670, 672, 673, 675, 676, 678, 686, 689, 691, 693, 708, 716, 740, 741, 742, 744, 746, 751, 757, 758, 761, 762, 766, 777, 794, 795, 800, 814, 819, 820, 823, 824, 825, 827, 828, 842, 844, 845, 848, 849, 852, 853, 874, 878], "summary": {"covered_lines": 135, "num_statements": 210, "percent_covered": 64.28571428571429, "percent_covered_display": "64", "missing_lines": 75, "excluded_lines": 0}, "missing_lines": [71, 225, 227, 228, 230, 233, 239, 240, 244, 247, 497, 499, 500, 503, 504, 507, 508, 511, 514, 522, 530, 535, 542, 551, 553, 571, 572, 573, 575, 578, 580, 581, 584, 589, 594, 600, 602, 606, 613, 614, 623, 642, 645, 647, 698, 699, 702, 704, 705, 709, 711, 713, 747, 748, 774, 797, 830, 831, 832, 835, 838, 858, 860, 861, 862, 863, 866, 869, 870, 871, 885, 886, 887, 890, 891], "excluded_lines": []}}}, "src/almanack/metrics/entropy/calculate_entropy.py": {"executed_lines": [1, 5, 6, 7, 9, 11, 14, 41, 43, 46, 61, 64, 84, 89, 92, 93, 96], "summary": {"covered_lines": 16, "num_statements": 16, "percent_covered": 100.0, "percent_covered_display": "100", "missing_lines": 0, "excluded_lines": 0}, "missing_lines": [], "excluded_lines": [], "functions": {"calculate_normalized_entropy": {"executed_lines": [41, 43, 46, 61], "summary": {"covered_lines": 4, "num_statements": 4, "percent_covered": 100.0, "percent_covered_display": "100", "missing_lines": 0, "excluded_lines": 0}, "missing_lines": [], "excluded_lines": []}, "calculate_aggregate_entropy": {"executed_lines": [84, 89, 92, 93, 96], "summary": {"covered_lines": 5, "num_statements": 5, "percent_covered": 100.0, "percent_covered_display": "100", "missing_lines": 0, "excluded_lines": 0}, "missing_lines": [], "excluded_lines": []}, "": {"executed_lines": [1, 5, 6, 7, 9, 11, 14, 64], "summary": {"covered_lines": 7, "num_statements": 7, "percent_covered": 100.0, "percent_covered_display": "100", "missing_lines": 0, "excluded_lines": 0}, "missing_lines": [], "excluded_lines": []}}, "classes": {"": {"executed_lines": [1, 5, 6, 7, 9, 11, 14, 41, 43, 46, 61, 64, 84, 89, 92, 93, 96], "summary": {"covered_lines": 16, "num_statements": 16, "percent_covered": 100.0, "percent_covered_display": "100", "missing_lines": 0, "excluded_lines": 0}, "missing_lines": [], "excluded_lines": []}}}, "tests/__init__.py": {"executed_lines": [0], "summary": {"covered_lines": 0, "num_statements": 0, "percent_covered": 100.0, "percent_covered_display": "100", "missing_lines": 0, "excluded_lines": 0}, "missing_lines": [], "excluded_lines": [], "functions": {"": {"executed_lines": [], "summary": {"covered_lines": 0, "num_statements": 0, "percent_covered": 100.0, "percent_covered_display": "100", "missing_lines": 0, "excluded_lines": 0}, "missing_lines": [], "excluded_lines": []}}, "classes": {"": {"executed_lines": [], "summary": {"covered_lines": 0, "num_statements": 0, "percent_covered": 100.0, "percent_covered_display": "100", "missing_lines": 0, "excluded_lines": 0}, "missing_lines": [], "excluded_lines": []}}}, "tests/conftest.py": {"executed_lines": [1, 6, 7, 8, 10, 11, 13, 19, 22, 23, 32, 33, 74, 75, 81, 84, 86, 91, 94, 95, 103, 109, 110, 117, 119, 134, 135, 138, 141, 143, 145, 147, 148, 150, 152, 154, 163, 165, 168, 169, 173, 174], "summary": {"covered_lines": 41, "num_statements": 52, "percent_covered": 78.84615384615384, "percent_covered_display": "79", "missing_lines": 11, "excluded_lines": 0}, "missing_lines": [29, 44, 45, 47, 50, 51, 52, 53, 56, 69, 71], "excluded_lines": [], "functions": {"jupyter_book_source": {"executed_lines": [], "summary": {"covered_lines": 0, "num_statements": 1, "percent_covered": 0.0, "percent_covered_display": "0", "missing_lines": 1, "excluded_lines": 0}, "missing_lines": [29], "excluded_lines": []}, "build_jupyter_book": {"executed_lines": [], "summary": {"covered_lines": 0, "num_statements": 10, "percent_covered": 0.0, "percent_covered_display": "0", "missing_lines": 10, "excluded_lines": 0}, "missing_lines": [44, 45, 47, 50, 51, 52, 53, 56, 69, 71], "excluded_lines": []}, "entropy_repository_paths": {"executed_lines": [81, 84, 86, 91], "summary": {"covered_lines": 4, "num_statements": 4, "percent_covered": 100.0, "percent_covered_display": "100", "missing_lines": 0, "excluded_lines": 0}, "missing_lines": [], "excluded_lines": []}, "repo_file_sets": {"executed_lines": [103], "summary": {"covered_lines": 1, "num_statements": 1, "percent_covered": 100.0, "percent_covered_display": "100", "missing_lines": 0, "excluded_lines": 0}, "missing_lines": [], "excluded_lines": []}, "community_health_repository_path": {"executed_lines": [117, 119], "summary": {"covered_lines": 2, "num_statements": 2, "percent_covered": 100.0, "percent_covered_display": "100", "missing_lines": 0, "excluded_lines": 0}, "missing_lines": [], "excluded_lines": []}, "repo_with_citation_in_readme": {"executed_lines": [138, 141, 143, 145, 147, 148, 150, 152, 154, 163, 165], "summary": {"covered_lines": 11, "num_statements": 11, "percent_covered": 100.0, "percent_covered_display": "100", "missing_lines": 0, "excluded_lines": 0}, "missing_lines": [], "excluded_lines": []}, "current_repo": {"executed_lines": [173, 174], "summary": {"covered_lines": 2, "num_statements": 2, "percent_covered": 100.0, "percent_covered_display": "100", "missing_lines": 0, "excluded_lines": 0}, "missing_lines": [], "excluded_lines": []}, "": {"executed_lines": [1, 6, 7, 8, 10, 11, 13, 19, 22, 23, 32, 33, 74, 75, 94, 95, 109, 110, 134, 135, 168, 169], "summary": {"covered_lines": 21, "num_statements": 21, "percent_covered": 100.0, "percent_covered_display": "100", "missing_lines": 0, "excluded_lines": 0}, "missing_lines": [], "excluded_lines": []}}, "classes": {"": {"executed_lines": [1, 6, 7, 8, 10, 11, 13, 19, 22, 23, 32, 33, 74, 75, 81, 84, 86, 91, 94, 95, 103, 109, 110, 117, 119, 134, 135, 138, 141, 143, 145, 147, 148, 150, 152, 154, 163, 165, 168, 169, 173, 174], "summary": {"covered_lines": 41, "num_statements": 52, "percent_covered": 78.84615384615384, "percent_covered_display": "79", "missing_lines": 11, "excluded_lines": 0}, "missing_lines": [29, 44, 45, 47, 50, 51, 52, 53, 56, 69, 71], "excluded_lines": []}}}, "tests/data/almanack/repo_setup/create_repo.py": {"executed_lines": [1, 6, 7, 9, 11, 14, 21, 22, 23, 26, 36, 39, 40, 41, 44, 47, 48, 49, 59, 62, 85, 86, 87, 88, 91, 93, 94, 95, 97, 100, 101, 104, 107, 108, 109, 110, 120, 122, 123, 125, 128, 129, 132, 135, 136, 137, 138, 148, 151, 154, 155, 156, 159, 189, 192, 194, 195, 198, 200, 201, 202, 203, 206, 207, 208, 211, 214, 215, 216, 219, 220, 226, 231, 234, 237, 238, 252, 255, 256, 265, 268, 270], "summary": {"covered_lines": 81, "num_statements": 81, "percent_covered": 100.0, "percent_covered_display": "100", "missing_lines": 0, "excluded_lines": 0}, "missing_lines": [], "excluded_lines": [], "functions": {"set_repo_user_config": {"executed_lines": [21, 22, 23], "summary": {"covered_lines": 3, "num_statements": 3, "percent_covered": 100.0, "percent_covered_display": "100", "missing_lines": 0, "excluded_lines": 0}, "missing_lines": [], "excluded_lines": []}, "commit_changes": {"executed_lines": [36, 39, 40, 41, 44, 47, 48, 49, 59], "summary": {"covered_lines": 9, "num_statements": 9, "percent_covered": 100.0, "percent_covered_display": "100", "missing_lines": 0, "excluded_lines": 0}, "missing_lines": [], "excluded_lines": []}, "create_entropy_repositories": {"executed_lines": [85, 86, 87, 88, 91, 93, 94, 95, 97, 100, 101, 104, 107, 108, 109, 110, 120, 122, 123, 125, 128, 129, 132, 135, 136, 137, 138, 148, 151, 154, 155, 156], "summary": {"covered_lines": 32, "num_statements": 32, "percent_covered": 100.0, "percent_covered_display": "100", "missing_lines": 0, "excluded_lines": 0}, "missing_lines": [], "excluded_lines": []}, "repo_setup": {"executed_lines": [189, 192, 194, 195, 198, 200, 201, 202, 203, 206, 207, 208, 211, 214, 215, 216, 219, 220, 226, 231, 234, 237, 238, 252, 255, 256, 265, 268, 270], "summary": {"covered_lines": 29, "num_statements": 29, "percent_covered": 100.0, "percent_covered_display": "100", "missing_lines": 0, "excluded_lines": 0}, "missing_lines": [], "excluded_lines": []}, "": {"executed_lines": [1, 6, 7, 9, 11, 14, 26, 62, 159], "summary": {"covered_lines": 8, "num_statements": 8, "percent_covered": 100.0, "percent_covered_display": "100", "missing_lines": 0, "excluded_lines": 0}, "missing_lines": [], "excluded_lines": []}}, "classes": {"": {"executed_lines": [1, 6, 7, 9, 11, 14, 21, 22, 23, 26, 36, 39, 40, 41, 44, 47, 48, 49, 59, 62, 85, 86, 87, 88, 91, 93, 94, 95, 97, 100, 101, 104, 107, 108, 109, 110, 120, 122, 123, 125, 128, 129, 132, 135, 136, 137, 138, 148, 151, 154, 155, 156, 159, 189, 192, 194, 195, 198, 200, 201, 202, 203, 206, 207, 208, 211, 214, 215, 216, 219, 220, 226, 231, 234, 237, 238, 252, 255, 256, 265, 268, 270], "summary": {"covered_lines": 81, "num_statements": 81, "percent_covered": 100.0, "percent_covered_display": "100", "missing_lines": 0, "excluded_lines": 0}, "missing_lines": [], "excluded_lines": []}}}, "tests/data/almanack/repo_setup/insert_code.py": {"executed_lines": [1, 5, 8, 16, 17, 21, 27, 33, 41, 48, 55, 56], "summary": {"covered_lines": 11, "num_statements": 11, "percent_covered": 100.0, "percent_covered_display": "100", "missing_lines": 0, "excluded_lines": 0}, "missing_lines": [], "excluded_lines": [], "functions": {"write_lines": {"executed_lines": [16, 17], "summary": {"covered_lines": 2, "num_statements": 2, "percent_covered": 100.0, "percent_covered_display": "100", "missing_lines": 0, "excluded_lines": 0}, "missing_lines": [], "excluded_lines": []}, "add_LOC": {"executed_lines": [48, 55, 56], "summary": {"covered_lines": 3, "num_statements": 3, "percent_covered": 100.0, "percent_covered_display": "100", "missing_lines": 0, "excluded_lines": 0}, "missing_lines": [], "excluded_lines": []}, "": {"executed_lines": [1, 5, 8, 21, 27, 33, 41], "summary": {"covered_lines": 6, "num_statements": 6, "percent_covered": 100.0, "percent_covered_display": "100", "missing_lines": 0, "excluded_lines": 0}, "missing_lines": [], "excluded_lines": []}}, "classes": {"": {"executed_lines": [1, 5, 8, 16, 17, 21, 27, 33, 41, 48, 55, 56], "summary": {"covered_lines": 11, "num_statements": 11, "percent_covered": 100.0, "percent_covered_display": "100", "missing_lines": 0, "excluded_lines": 0}, "missing_lines": [], "excluded_lines": []}}}, "tests/metrics/test_calculate_entropy.py": {"executed_lines": [1, 5, 7, 11, 14, 21, 23, 26, 30, 32, 33, 38, 45, 47, 49, 51, 54, 57], "summary": {"covered_lines": 17, "num_statements": 17, "percent_covered": 100.0, "percent_covered_display": "100", "missing_lines": 0, "excluded_lines": 0}, "missing_lines": [], "excluded_lines": [], "functions": {"test_calculate_normalized_entropy": {"executed_lines": [21, 23, 26, 30, 32, 33], "summary": {"covered_lines": 6, "num_statements": 6, "percent_covered": 100.0, "percent_covered_display": "100", "missing_lines": 0, "excluded_lines": 0}, "missing_lines": [], "excluded_lines": []}, "test_calculate_aggregate_entropy": {"executed_lines": [45, 47, 49, 51, 54, 57], "summary": {"covered_lines": 6, "num_statements": 6, "percent_covered": 100.0, "percent_covered_display": "100", "missing_lines": 0, "excluded_lines": 0}, "missing_lines": [], "excluded_lines": []}, "": {"executed_lines": [1, 5, 7, 11, 14, 38], "summary": {"covered_lines": 5, "num_statements": 5, "percent_covered": 100.0, "percent_covered_display": "100", "missing_lines": 0, "excluded_lines": 0}, "missing_lines": [], "excluded_lines": []}}, "classes": {"": {"executed_lines": [1, 5, 7, 11, 14, 21, 23, 26, 30, 32, 33, 38, 45, 47, 49, 51, 54, 57], "summary": {"covered_lines": 17, "num_statements": 17, "percent_covered": 100.0, "percent_covered_display": "100", "missing_lines": 0, "excluded_lines": 0}, "missing_lines": [], "excluded_lines": []}}}, "tests/metrics/test_data.py": {"executed_lines": [1, 5, 6, 7, 9, 10, 11, 12, 13, 14, 16, 17, 32, 34, 37, 41, 43, 46, 47, 50, 51, 55, 60, 63, 68, 71, 74, 77, 86, 92, 118, 119, 123, 126, 127, 130, 143, 154, 161, 164, 165, 167, 174, 177, 223, 228, 229, 232, 233, 235, 238, 245, 246, 247, 248, 249, 252, 258, 261, 267, 270, 277, 280, 285, 286, 288, 291, 298, 301, 306, 307, 309, 312, 319, 322, 326, 329, 378, 391, 394, 397, 402, 407, 408, 409, 411, 412, 413, 419, 424, 429, 504, 508, 509, 512, 513, 516, 519, 526, 529, 597, 602, 603, 606, 609, 612, 667, 671, 674, 677, 682, 683, 688, 691, 692, 693, 694, 699, 705, 712, 713, 714, 715, 718, 724, 725, 728, 731, 732, 733, 734], "summary": {"covered_lines": 130, "num_statements": 130, "percent_covered": 100.0, "percent_covered_display": "100", "missing_lines": 0, "excluded_lines": 0}, "missing_lines": [], "excluded_lines": [], "functions": {"test_generate_repo_data": {"executed_lines": [41, 43, 46, 47, 50, 51, 55, 60], "summary": {"covered_lines": 8, "num_statements": 8, "percent_covered": 100.0, "percent_covered_display": "100", "missing_lines": 0, "excluded_lines": 0}, "missing_lines": [], "excluded_lines": []}, "test_get_table": {"executed_lines": [68, 71, 74, 77], "summary": {"covered_lines": 4, "num_statements": 4, "percent_covered": 100.0, "percent_covered_display": "100", "missing_lines": 0, "excluded_lines": 0}, "missing_lines": [], "excluded_lines": []}, "test_metrics_yaml": {"executed_lines": [92, 118, 119, 123, 126, 127], "summary": {"covered_lines": 6, "num_statements": 6, "percent_covered": 100.0, "percent_covered_display": "100", "missing_lines": 0, "excluded_lines": 0}, "missing_lines": [], "excluded_lines": []}, "test_file_exists_in_repo": {"executed_lines": [154, 161, 164, 165, 167, 174], "summary": {"covered_lines": 6, "num_statements": 6, "percent_covered": 100.0, "percent_covered_display": "100", "missing_lines": 0, "excluded_lines": 0}, "missing_lines": [], "excluded_lines": []}, "test_is_citable": {"executed_lines": [228, 229, 232, 233, 235], "summary": {"covered_lines": 5, "num_statements": 5, "percent_covered": 100.0, "percent_covered_display": "100", "missing_lines": 0, "excluded_lines": 0}, "missing_lines": [], "excluded_lines": []}, "test_default_branch_is_not_master": {"executed_lines": [245, 246, 247, 248, 249, 252, 258, 261, 267, 270, 277, 280, 285, 286, 288, 291, 298, 301, 306, 307, 309, 312, 319, 322, 326], "summary": {"covered_lines": 25, "num_statements": 25, "percent_covered": 100.0, "percent_covered_display": "100", "missing_lines": 0, "excluded_lines": 0}, "missing_lines": [], "excluded_lines": []}, "test_commit_frequency_data": {"executed_lines": [391, 394, 397, 402, 407, 408, 409, 411, 412, 413, 419, 424], "summary": {"covered_lines": 12, "num_statements": 12, "percent_covered": 100.0, "percent_covered_display": "100", "missing_lines": 0, "excluded_lines": 0}, "missing_lines": [], "excluded_lines": []}, "test_includes_common_docs": {"executed_lines": [508, 509, 512, 513, 516], "summary": {"covered_lines": 5, "num_statements": 5, "percent_covered": 100.0, "percent_covered_display": "100", "missing_lines": 0, "excluded_lines": 0}, "missing_lines": [], "excluded_lines": []}, "test_get_almanack_version": {"executed_lines": [526], "summary": {"covered_lines": 1, "num_statements": 1, "percent_covered": 100.0, "percent_covered_display": "100", "missing_lines": 0, "excluded_lines": 0}, "missing_lines": [], "excluded_lines": []}, "test_count_unique_contributors": {"executed_lines": [602, 603, 606, 609], "summary": {"covered_lines": 4, "num_statements": 4, "percent_covered": 100.0, "percent_covered_display": "100", "missing_lines": 0, "excluded_lines": 0}, "missing_lines": [], "excluded_lines": []}, "test_count_repo_tags": {"executed_lines": [671, 674], "summary": {"covered_lines": 2, "num_statements": 2, "percent_covered": 100.0, "percent_covered_display": "100", "missing_lines": 0, "excluded_lines": 0}, "missing_lines": [], "excluded_lines": []}, "test_get_api_data": {"executed_lines": [682, 683, 688, 691, 692, 693, 694], "summary": {"covered_lines": 7, "num_statements": 7, "percent_covered": 100.0, "percent_covered_display": "100", "missing_lines": 0, "excluded_lines": 0}, "missing_lines": [], "excluded_lines": []}, "test_get_github_build_metrics": {"executed_lines": [705, 712, 713, 714, 715], "summary": {"covered_lines": 5, "num_statements": 5, "percent_covered": 100.0, "percent_covered_display": "100", "missing_lines": 0, "excluded_lines": 0}, "missing_lines": [], "excluded_lines": []}, "test_measure_coverage": {"executed_lines": [724, 725, 728, 731, 732, 733, 734], "summary": {"covered_lines": 7, "num_statements": 7, "percent_covered": 100.0, "percent_covered_display": "100", "missing_lines": 0, "excluded_lines": 0}, "missing_lines": [], "excluded_lines": []}, "": {"executed_lines": [1, 5, 6, 7, 9, 10, 11, 12, 13, 14, 16, 17, 32, 34, 37, 63, 86, 130, 143, 177, 223, 238, 329, 378, 429, 504, 519, 529, 597, 612, 667, 677, 699, 718], "summary": {"covered_lines": 33, "num_statements": 33, "percent_covered": 100.0, "percent_covered_display": "100", "missing_lines": 0, "excluded_lines": 0}, "missing_lines": [], "excluded_lines": []}}, "classes": {"": {"executed_lines": [1, 5, 6, 7, 9, 10, 11, 12, 13, 14, 16, 17, 32, 34, 37, 41, 43, 46, 47, 50, 51, 55, 60, 63, 68, 71, 74, 77, 86, 92, 118, 119, 123, 126, 127, 130, 143, 154, 161, 164, 165, 167, 174, 177, 223, 228, 229, 232, 233, 235, 238, 245, 246, 247, 248, 249, 252, 258, 261, 267, 270, 277, 280, 285, 286, 288, 291, 298, 301, 306, 307, 309, 312, 319, 322, 326, 329, 378, 391, 394, 397, 402, 407, 408, 409, 411, 412, 413, 419, 424, 429, 504, 508, 509, 512, 513, 516, 519, 526, 529, 597, 602, 603, 606, 609, 612, 667, 671, 674, 677, 682, 683, 688, 691, 692, 693, 694, 699, 705, 712, 713, 714, 715, 718, 724, 725, 728, 731, 732, 733, 734], "summary": {"covered_lines": 130, "num_statements": 130, "percent_covered": 100.0, "percent_covered_display": "100", "missing_lines": 0, "excluded_lines": 0}, "missing_lines": [], "excluded_lines": []}}}, "tests/test_almanack.py": {"executed_lines": [1, 5, 7, 10, 20, 21, 24, 25, 28, 31, 35], "summary": {"covered_lines": 10, "num_statements": 10, "percent_covered": 100.0, "percent_covered_display": "100", "missing_lines": 0, "excluded_lines": 0}, "missing_lines": [], "excluded_lines": [], "functions": {"test_read": {"executed_lines": [20, 21, 24, 25, 28, 31, 35], "summary": {"covered_lines": 7, "num_statements": 7, "percent_covered": 100.0, "percent_covered_display": "100", "missing_lines": 0, "excluded_lines": 0}, "missing_lines": [], "excluded_lines": []}, "": {"executed_lines": [1, 5, 7, 10], "summary": {"covered_lines": 3, "num_statements": 3, "percent_covered": 100.0, "percent_covered_display": "100", "missing_lines": 0, "excluded_lines": 0}, "missing_lines": [], "excluded_lines": []}}, "classes": {"": {"executed_lines": [1, 5, 7, 10, 20, 21, 24, 25, 28, 31, 35], "summary": {"covered_lines": 10, "num_statements": 10, "percent_covered": 100.0, "percent_covered_display": "100", "missing_lines": 0, "excluded_lines": 0}, "missing_lines": [], "excluded_lines": []}}}, "tests/test_cli.py": {"executed_lines": [1, 5, 7, 9, 10, 12, 15, 20, 22, 25, 31, 34, 37, 40, 43, 46, 47, 50], "summary": {"covered_lines": 17, "num_statements": 17, "percent_covered": 100.0, "percent_covered_display": "100", "missing_lines": 0, "excluded_lines": 0}, "missing_lines": [], "excluded_lines": [], "functions": {"test_cli_util": {"executed_lines": [20, 22], "summary": {"covered_lines": 2, "num_statements": 2, "percent_covered": 100.0, "percent_covered_display": "100", "missing_lines": 0, "excluded_lines": 0}, "missing_lines": [], "excluded_lines": []}, "test_cli_almanack": {"executed_lines": [31, 34, 37, 40, 43, 46, 47, 50], "summary": {"covered_lines": 8, "num_statements": 8, "percent_covered": 100.0, "percent_covered_display": "100", "missing_lines": 0, "excluded_lines": 0}, "missing_lines": [], "excluded_lines": []}, "": {"executed_lines": [1, 5, 7, 9, 10, 12, 15, 25], "summary": {"covered_lines": 7, "num_statements": 7, "percent_covered": 100.0, "percent_covered_display": "100", "missing_lines": 0, "excluded_lines": 0}, "missing_lines": [], "excluded_lines": []}}, "classes": {"": {"executed_lines": [1, 5, 7, 9, 10, 12, 15, 20, 22, 25, 31, 34, 37, 40, 43, 46, 47, 50], "summary": {"covered_lines": 17, "num_statements": 17, "percent_covered": 100.0, "percent_covered_display": "100", "missing_lines": 0, "excluded_lines": 0}, "missing_lines": [], "excluded_lines": []}}}, "tests/test_git.py": {"executed_lines": [1, 5, 6, 7, 9, 10, 12, 24, 27, 28, 31, 34, 37, 39, 40, 43, 46, 48, 51, 53, 54, 57, 58, 59, 62, 65, 68, 76, 78, 80, 82, 85, 86, 89, 94, 95, 98, 101, 102, 103, 105, 108, 109, 112, 124, 126, 127, 128, 130, 131, 134, 142, 149, 151, 152, 153, 160, 161, 164, 168, 169, 172, 208, 221, 222, 225, 226, 229, 234, 240, 243, 246, 247, 252, 255], "summary": {"covered_lines": 74, "num_statements": 74, "percent_covered": 100.0, "percent_covered_display": "100", "missing_lines": 0, "excluded_lines": 0}, "missing_lines": [], "excluded_lines": [], "functions": {"test_clone_repository": {"executed_lines": [28, 31, 34], "summary": {"covered_lines": 3, "num_statements": 3, "percent_covered": 100.0, "percent_covered_display": "100", "missing_lines": 0, "excluded_lines": 0}, "missing_lines": [], "excluded_lines": []}, "test_get_commits": {"executed_lines": [39, 40, 43, 46, 48], "summary": {"covered_lines": 5, "num_statements": 5, "percent_covered": 100.0, "percent_covered_display": "100", "missing_lines": 0, "excluded_lines": 0}, "missing_lines": [], "excluded_lines": []}, "test_get_edited_files": {"executed_lines": [53, 54, 57, 58, 59, 62, 65], "summary": {"covered_lines": 7, "num_statements": 7, "percent_covered": 100.0, "percent_covered_display": "100", "missing_lines": 0, "excluded_lines": 0}, "missing_lines": [], "excluded_lines": []}, "test_get_loc_changed": {"executed_lines": [76, 78, 80, 82, 85, 86, 89], "summary": {"covered_lines": 7, "num_statements": 7, "percent_covered": 100.0, "percent_covered_display": "100", "missing_lines": 0, "excluded_lines": 0}, "missing_lines": [], "excluded_lines": []}, "test_get_most_recent_commits": {"executed_lines": [95, 98, 101, 102, 103, 105, 108, 109], "summary": {"covered_lines": 8, "num_statements": 8, "percent_covered": 100.0, "percent_covered_display": "100", "missing_lines": 0, "excluded_lines": 0}, "missing_lines": [], "excluded_lines": []}, "test_detect_encoding": {"executed_lines": [126, 127, 128, 130, 131], "summary": {"covered_lines": 5, "num_statements": 5, "percent_covered": 100.0, "percent_covered_display": "100", "missing_lines": 0, "excluded_lines": 0}, "missing_lines": [], "excluded_lines": []}, "test_find_file_and_read_file": {"executed_lines": [149, 151, 152, 153, 160, 161, 164, 168, 169], "summary": {"covered_lines": 9, "num_statements": 9, "percent_covered": 100.0, "percent_covered_display": "100", "missing_lines": 0, "excluded_lines": 0}, "missing_lines": [], "excluded_lines": []}, "test_count_files": {"executed_lines": [221, 222, 225, 226, 229], "summary": {"covered_lines": 5, "num_statements": 5, "percent_covered": 100.0, "percent_covered_display": "100", "missing_lines": 0, "excluded_lines": 0}, "missing_lines": [], "excluded_lines": []}, "test_get_remote_url_with_current_repo": {"executed_lines": [240, 243, 246, 247, 252, 255], "summary": {"covered_lines": 6, "num_statements": 6, "percent_covered": 100.0, "percent_covered_display": "100", "missing_lines": 0, "excluded_lines": 0}, "missing_lines": [], "excluded_lines": []}, "": {"executed_lines": [1, 5, 6, 7, 9, 10, 12, 24, 27, 37, 51, 68, 94, 112, 124, 134, 142, 172, 208, 234], "summary": {"covered_lines": 19, "num_statements": 19, "percent_covered": 100.0, "percent_covered_display": "100", "missing_lines": 0, "excluded_lines": 0}, "missing_lines": [], "excluded_lines": []}}, "classes": {"": {"executed_lines": [1, 5, 6, 7, 9, 10, 12, 24, 27, 28, 31, 34, 37, 39, 40, 43, 46, 48, 51, 53, 54, 57, 58, 59, 62, 65, 68, 76, 78, 80, 82, 85, 86, 89, 94, 95, 98, 101, 102, 103, 105, 108, 109, 112, 124, 126, 127, 128, 130, 131, 134, 142, 149, 151, 152, 153, 160, 161, 164, 168, 169, 172, 208, 221, 222, 225, 226, 229, 234, 240, 243, 246, 247, 252, 255], "summary": {"covered_lines": 74, "num_statements": 74, "percent_covered": 100.0, "percent_covered_display": "100", "missing_lines": 0, "excluded_lines": 0}, "missing_lines": [], "excluded_lines": []}}}, "tests/utils.py": {"executed_lines": [1, 5, 6, 9, 23, 34, 35], "summary": {"covered_lines": 6, "num_statements": 10, "percent_covered": 60.0, "percent_covered_display": "60", "missing_lines": 4, "excluded_lines": 0}, "missing_lines": [15, 17, 18, 20], "excluded_lines": [], "functions": {"check_subproc_run_for_nonzero": {"executed_lines": [], "summary": {"covered_lines": 0, "num_statements": 4, "percent_covered": 0.0, "percent_covered_display": "0", "missing_lines": 4, "excluded_lines": 0}, "missing_lines": [15, 17, 18, 20], "excluded_lines": []}, "run_cli_command": {"executed_lines": [34, 35], "summary": {"covered_lines": 2, "num_statements": 2, "percent_covered": 100.0, "percent_covered_display": "100", "missing_lines": 0, "excluded_lines": 0}, "missing_lines": [], "excluded_lines": []}, "": {"executed_lines": [1, 5, 6, 9, 23], "summary": {"covered_lines": 4, "num_statements": 4, "percent_covered": 100.0, "percent_covered_display": "100", "missing_lines": 0, "excluded_lines": 0}, "missing_lines": [], "excluded_lines": []}}, "classes": {"": {"executed_lines": [1, 5, 6, 9, 23, 34, 35], "summary": {"covered_lines": 6, "num_statements": 10, "percent_covered": 60.0, "percent_covered_display": "60", "missing_lines": 4, "excluded_lines": 0}, "missing_lines": [15, 17, 18, 20], "excluded_lines": []}}}}, "totals": {"covered_lines": 666, "num_statements": 771, "percent_covered": 86.38132295719845, "percent_covered_display": "86", "missing_lines": 105, "excluded_lines": 0}}
