SF:src/almanack/__init__.py
DA:14,1
DA:15,1
DA:16,1
DA:17,1
DA:24,1
LF:5
LH:5
end_of_record
SF:src/almanack/book.py
DA:6,1
DA:7,1
DA:9,1
DA:13,1
DA:32,1
DA:35,1
DA:36,1
DA:39,1
DA:42,1
DA:43,1
DA:44,1
DA:47,1
DA:48,1
DA:49,1
DA:50,1
DA:53,1
DA:54,1
DA:63,1
DA:64,1
LF:19
LH:19
FN:13,64,read
FNDA:1,read
FNF:1
FNH:1
end_of_record
SF:src/almanack/git.py
DA:5,1
DA:6,1
DA:7,1
DA:8,1
DA:10,1
DA:11,1
DA:14,1
DA:25,1
DA:27,1
DA:29,1
DA:30,1
DA:33,1
DA:44,1
DA:47,1
DA:49,1
DA:50,1
DA:53,1
DA:71,1
DA:73,1
DA:75,1
DA:77,1
DA:78,1
DA:80,1
DA:81,1
DA:82,1
DA:85,1
DA:100,1
DA:103,1
DA:104,1
DA:106,1
DA:108,1
DA:111,1
DA:112,1
DA:113,1
DA:114,1
DA:116,1
DA:118,1
DA:119,1
DA:120,1
DA:121,1
DA:122,1
DA:123,1
DA:125,1
DA:127,1
DA:130,1
DA:140,1
DA:141,1
DA:144,1
DA:145,1
DA:147,1
DA:150,1
DA:163,1
DA:164,1
DA:166,1
DA:167,1
DA:169,1
DA:170,0
DA:173,1
DA:192,1
DA:193,1
DA:195,1
DA:196,1
DA:197,1
DA:198,1
DA:199,1
DA:201,1
DA:202,1
DA:203,1
DA:204,1
DA:205,1
DA:206,1
DA:208,1
DA:209,0
DA:210,1
DA:211,1
DA:212,1
DA:213,1
DA:215,0
DA:217,0
DA:219,1
DA:222,1
DA:242,1
DA:244,1
DA:245,1
DA:247,1
DA:250,1
DA:274,1
DA:275,1
DA:276,0
DA:277,1
DA:278,1
DA:279,1
DA:281,1
DA:282,1
DA:283,1
DA:284,1
DA:285,1
DA:286,0
DA:287,0
DA:290,1
DA:300,1
DA:302,1
DA:303,1
DA:306,1
DA:307,1
DA:308,1
DA:309,1
DA:311,1
DA:312,0
DA:314,0
DA:317,1
DA:318,1
DA:319,0
DA:320,0
DA:321,0
DA:322,0
DA:323,0
DA:324,0
DA:327,1
LF:119
LH:104
FN:14,30,clone_repository
FNDA:1,clone_repository
FN:33,50,get_commits
FNDA:1,get_commits
FN:53,82,get_edited_files
FNDA:1,get_edited_files
FN:85,127,get_loc_changed
FNDA:1,get_loc_changed
FN:130,147,get_most_recent_commits
FNDA:1,get_most_recent_commits
FN:150,170,detect_encoding
FNDA:1,detect_encoding
FN:173,219,find_file
FNDA:1,find_file
FN:222,247,count_files
FNDA:1,count_files
FN:250,287,read_file
FNDA:1,read_file
FN:290,327,get_remote_url
FNDA:1,get_remote_url
FNF:10
FNH:10
end_of_record
SF:src/almanack/metrics/data.py
DA:5,1
DA:6,1
DA:7,1
DA:8,1
DA:9,1
DA:10,1
DA:11,1
DA:12,1
DA:13,1
DA:15,1
DA:16,1
DA:17,1
DA:18,1
DA:20,1
DA:29,1
DA:34,1
DA:36,1
DA:37,1
DA:40,1
DA:64,1
DA:65,1
DA:68,1
DA:70,1
DA:71,0
DA:74,1
DA:87,1
DA:113,1
DA:116,1
DA:118,1
DA:120,1
DA:123,1
DA:126,1
DA:129,1
DA:130,1
DA:132,1
DA:135,1
DA:151,1
DA:157,1
DA:160,1
DA:166,1
DA:183,1
DA:185,1
DA:188,1
DA:202,1
DA:204,1
DA:209,1
DA:212,1
DA:215,1
DA:225,0
DA:227,0
DA:228,0
DA:230,0
DA:233,0
DA:239,0
DA:240,0
DA:244,0
DA:247,0
DA:250,1
DA:265,1
DA:281,1
DA:282,1
DA:283,1
DA:286,1
DA:289,1
DA:311,1
DA:312,1
DA:317,1
DA:320,1
DA:339,1
DA:341,1
DA:342,1
DA:343,1
DA:344,1
DA:345,1
DA:348,1
DA:349,1
DA:352,1
DA:353,1
DA:355,1
DA:358,1
DA:369,1
DA:370,1
DA:372,1
DA:375,1
DA:380,1
DA:385,1
DA:386,1
DA:387,1
DA:390,1
DA:393,1
DA:401,1
DA:408,1
DA:414,1
DA:479,1
DA:497,0
DA:499,0
DA:500,0
DA:503,0
DA:504,0
DA:507,0
DA:508,0
DA:511,0
DA:514,0
DA:522,0
DA:530,0
DA:535,0
DA:542,0
DA:551,0
DA:553,0
DA:556,1
DA:571,0
DA:572,0
DA:573,0
DA:575,0
DA:578,0
DA:580,0
DA:581,0
DA:584,0
DA:589,0
DA:594,0
DA:600,0
DA:602,0
DA:606,0
DA:613,0
DA:614,0
DA:623,0
DA:626,1
DA:636,1
DA:639,1
DA:641,1
DA:642,0
DA:645,0
DA:647,0
DA:650,1
DA:669,1
DA:670,1
DA:672,1
DA:673,1
DA:675,1
DA:676,1
DA:678,1
DA:686,1
DA:689,1
DA:691,1
DA:693,1
DA:698,0
DA:699,0
DA:702,0
DA:704,0
DA:705,0
DA:708,1
DA:709,0
DA:711,0
DA:713,0
DA:716,1
DA:740,1
DA:741,1
DA:742,1
DA:744,1
DA:746,1
DA:747,0
DA:748,0
DA:751,1
DA:757,1
DA:758,1
DA:761,1
DA:762,1
DA:766,1
DA:774,0
DA:777,1
DA:794,1
DA:795,1
DA:797,0
DA:800,1
DA:814,1
DA:819,1
DA:820,1
DA:823,1
DA:824,1
DA:825,1
DA:827,1
DA:828,1
DA:830,0
DA:831,0
DA:832,0
DA:835,0
DA:838,0
DA:842,1
DA:844,1
DA:845,1
DA:848,1
DA:849,1
DA:852,1
DA:853,1
DA:858,0
DA:860,0
DA:861,0
DA:862,0
DA:863,0
DA:866,0
DA:869,0
DA:870,0
DA:871,0
DA:874,1
DA:878,1
DA:885,0
DA:886,0
DA:887,0
DA:890,0
DA:891,0
LF:210
LH:135
FN:40,84,get_table
FNDA:1,get_table
FN:87,132,file_exists_in_repo
FNDA:1,file_exists_in_repo
FN:135,185,is_citable
FNDA:1,is_citable
FN:188,212,default_branch_is_not_master
FNDA:1,default_branch_is_not_master
FN:215,247,days_of_development
FNDA:0,days_of_development
FN:250,286,includes_common_docs
FNDA:1,includes_common_docs
FN:289,317,count_unique_contributors
FNDA:1,count_unique_contributors
FN:320,355,count_repo_tags
FNDA:1,count_repo_tags
FN:358,476,compute_repo_data
FNDA:1,compute_repo_data
FN:479,553,compute_pr_data
FNDA:0,compute_pr_data
FN:556,623,process_repo_for_analysis
FNDA:0,process_repo_for_analysis
FN:626,647,_get_almanack_version
FNDA:1,_get_almanack_version
FN:650,713,get_api_data
FNDA:1,get_api_data
FN:716,774,get_github_build_metrics
FNDA:1,get_github_build_metrics
FN:777,797,measure_coverage
FNDA:1,measure_coverage
FN:800,891,parse_python_coverage_data
FNDA:1,parse_python_coverage_data
FNF:16
FNH:13
end_of_record
SF:src/almanack/metrics/entropy/calculate_entropy.py
DA:5,1
DA:6,1
DA:7,1
DA:9,1
DA:11,1
DA:14,1
DA:41,1
DA:43,1
DA:46,1
DA:61,1
DA:64,1
DA:84,1
DA:89,1
DA:92,1
DA:93,1
DA:96,1
LF:16
LH:16
FN:14,61,calculate_normalized_entropy
FNDA:1,calculate_normalized_entropy
FN:64,96,calculate_aggregate_entropy
FNDA:1,calculate_aggregate_entropy
FNF:2
FNH:2
end_of_record
SF:tests/__init__.py
end_of_record
SF:tests/conftest.py
DA:6,1
DA:7,1
DA:8,1
DA:10,1
DA:11,1
DA:13,1
DA:19,1
DA:22,1
DA:23,1
DA:29,0
DA:32,1
DA:33,1
DA:44,0
DA:45,0
DA:47,0
DA:50,0
DA:51,0
DA:52,0
DA:53,0
DA:56,0
DA:69,0
DA:71,0
DA:74,1
DA:75,1
DA:81,1
DA:84,1
DA:86,1
DA:91,1
DA:94,1
DA:95,1
DA:103,1
DA:109,1
DA:110,1
DA:117,1
DA:119,1
DA:134,1
DA:135,1
DA:138,1
DA:141,1
DA:143,1
DA:145,1
DA:147,1
DA:148,1
DA:150,1
DA:152,1
DA:154,1
DA:163,1
DA:165,1
DA:168,1
DA:169,1
DA:173,1
DA:174,1
LF:52
LH:41
FN:23,29,jupyter_book_source
FNDA:0,jupyter_book_source
FN:33,71,build_jupyter_book
FNDA:0,build_jupyter_book
FN:75,91,entropy_repository_paths
FNDA:1,entropy_repository_paths
FN:95,106,repo_file_sets
FNDA:1,repo_file_sets
FN:110,131,community_health_repository_path
FNDA:1,community_health_repository_path
FN:135,165,repo_with_citation_in_readme
FNDA:1,repo_with_citation_in_readme
FN:169,174,current_repo
FNDA:1,current_repo
FNF:7
FNH:5
end_of_record
SF:tests/data/almanack/repo_setup/create_repo.py
DA:6,1
DA:7,1
DA:9,1
DA:11,1
DA:14,1
DA:21,1
DA:22,1
DA:23,1
DA:26,1
DA:36,1
DA:39,1
DA:40,1
DA:41,1
DA:44,1
DA:47,1
DA:48,1
DA:49,1
DA:59,1
DA:62,1
DA:85,1
DA:86,1
DA:87,1
DA:88,1
DA:91,1
DA:93,1
DA:94,1
DA:95,1
DA:97,1
DA:100,1
DA:101,1
DA:104,1
DA:107,1
DA:108,1
DA:109,1
DA:110,1
DA:120,1
DA:122,1
DA:123,1
DA:125,1
DA:128,1
DA:129,1
DA:132,1
DA:135,1
DA:136,1
DA:137,1
DA:138,1
DA:148,1
DA:151,1
DA:154,1
DA:155,1
DA:156,1
DA:159,1
DA:189,1
DA:192,1
DA:194,1
DA:195,1
DA:198,1
DA:200,1
DA:201,1
DA:202,1
DA:203,1
DA:206,1
DA:207,1
DA:208,1
DA:211,1
DA:214,1
DA:215,1
DA:216,1
DA:219,1
DA:220,1
DA:226,1
DA:231,1
DA:234,1
DA:237,1
DA:238,1
DA:252,1
DA:255,1
DA:256,1
DA:265,1
DA:268,1
DA:270,1
LF:81
LH:81
FN:14,23,set_repo_user_config
FNDA:1,set_repo_user_config
FN:26,59,commit_changes
FNDA:1,commit_changes
FN:62,156,create_entropy_repositories
FNDA:1,create_entropy_repositories
FN:159,270,repo_setup
FNDA:1,repo_setup
FNF:4
FNH:4
end_of_record
SF:tests/data/almanack/repo_setup/insert_code.py
DA:5,1
DA:8,1
DA:16,1
DA:17,1
DA:21,1
DA:27,1
DA:33,1
DA:41,1
DA:48,1
DA:55,1
DA:56,1
LF:11
LH:11
FN:8,17,write_lines
FNDA:1,write_lines
FN:41,56,add_LOC
FNDA:1,add_LOC
FNF:2
FNH:2
end_of_record
SF:tests/metrics/test_calculate_entropy.py
DA:5,1
DA:7,1
DA:11,1
DA:14,1
DA:21,1
DA:23,1
DA:26,1
DA:30,1
DA:32,1
DA:33,1
DA:38,1
DA:45,1
DA:47,1
DA:49,1
DA:51,1
DA:54,1
DA:57,1
LF:17
LH:17
FN:14,35,test_calculate_normalized_entropy
FNDA:1,test_calculate_normalized_entropy
FN:38,57,test_calculate_aggregate_entropy
FNDA:1,test_calculate_aggregate_entropy
FNF:2
FNH:2
end_of_record
SF:tests/metrics/test_data.py
DA:5,1
DA:6,1
DA:7,1
DA:9,1
DA:10,1
DA:11,1
DA:12,1
DA:13,1
DA:14,1
DA:16,1
DA:17,1
DA:32,1
DA:34,1
DA:37,1
DA:41,1
DA:43,1
DA:46,1
DA:47,1
DA:50,1
DA:51,1
DA:55,1
DA:60,1
DA:63,1
DA:68,1
DA:71,1
DA:74,1
DA:77,1
DA:86,1
DA:92,1
DA:118,1
DA:119,1
DA:123,1
DA:126,1
DA:127,1
DA:130,1
DA:143,1
DA:154,1
DA:161,1
DA:164,1
DA:165,1
DA:167,1
DA:174,1
DA:177,1
DA:223,1
DA:228,1
DA:229,1
DA:232,1
DA:233,1
DA:235,1
DA:238,1
DA:245,1
DA:246,1
DA:247,1
DA:248,1
DA:249,1
DA:252,1
DA:258,1
DA:261,1
DA:267,1
DA:270,1
DA:277,1
DA:280,1
DA:285,1
DA:286,1
DA:288,1
DA:291,1
DA:298,1
DA:301,1
DA:306,1
DA:307,1
DA:309,1
DA:312,1
DA:319,1
DA:322,1
DA:326,1
DA:329,1
DA:378,1
DA:391,1
DA:394,1
DA:397,1
DA:402,1
DA:407,1
DA:408,1
DA:409,1
DA:411,1
DA:412,1
DA:413,1
DA:419,1
DA:424,1
DA:429,1
DA:504,1
DA:508,1
DA:509,1
DA:512,1
DA:513,1
DA:516,1
DA:519,1
DA:526,1
DA:529,1
DA:597,1
DA:602,1
DA:603,1
DA:606,1
DA:609,1
DA:612,1
DA:667,1
DA:671,1
DA:674,1
DA:677,1
DA:682,1
DA:683,1
DA:688,1
DA:691,1
DA:692,1
DA:693,1
DA:694,1
DA:699,1
DA:705,1
DA:712,1
DA:713,1
DA:714,1
DA:715,1
DA:718,1
DA:724,1
DA:725,1
DA:728,1
DA:731,1
DA:732,1
DA:733,1
DA:734,1
LF:130
LH:130
FN:37,60,test_generate_repo_data
FNDA:1,test_generate_repo_data
FN:63,83,test_get_table
FNDA:1,test_get_table
FN:86,127,test_metrics_yaml
FNDA:1,test_metrics_yaml
FN:143,174,test_file_exists_in_repo
FNDA:1,test_file_exists_in_repo
FN:223,235,test_is_citable
FNDA:1,test_is_citable
FN:238,326,test_default_branch_is_not_master
FNDA:1,test_default_branch_is_not_master
FN:378,426,test_commit_frequency_data
FNDA:1,test_commit_frequency_data
FN:504,516,test_includes_common_docs
FNDA:1,test_includes_common_docs
FN:519,526,test_get_almanack_version
FNDA:1,test_get_almanack_version
FN:597,609,test_count_unique_contributors
FNDA:1,test_count_unique_contributors
FN:667,674,test_count_repo_tags
FNDA:1,test_count_repo_tags
FN:677,696,test_get_api_data
FNDA:1,test_get_api_data
FN:699,715,test_get_github_build_metrics
FNDA:1,test_get_github_build_metrics
FN:718,734,test_measure_coverage
FNDA:1,test_measure_coverage
FNF:14
FNH:14
end_of_record
SF:tests/test_almanack.py
DA:5,1
DA:7,1
DA:10,1
DA:20,1
DA:21,1
DA:24,1
DA:25,1
DA:28,1
DA:31,1
DA:35,1
LF:10
LH:10
FN:10,35,test_read
FNDA:1,test_read
FNF:1
FNH:1
end_of_record
SF:tests/test_cli.py
DA:5,1
DA:7,1
DA:9,1
DA:10,1
DA:12,1
DA:15,1
DA:20,1
DA:22,1
DA:25,1
DA:31,1
DA:34,1
DA:37,1
DA:40,1
DA:43,1
DA:46,1
DA:47,1
DA:50,1
LF:17
LH:17
FN:15,22,test_cli_util
FNDA:1,test_cli_util
FN:25,56,test_cli_almanack
FNDA:1,test_cli_almanack
FNF:2
FNH:2
end_of_record
SF:tests/test_git.py
DA:5,1
DA:6,1
DA:7,1
DA:9,1
DA:10,1
DA:12,1
DA:24,1
DA:27,1
DA:28,1
DA:31,1
DA:34,1
DA:37,1
DA:39,1
DA:40,1
DA:43,1
DA:46,1
DA:48,1
DA:51,1
DA:53,1
DA:54,1
DA:57,1
DA:58,1
DA:59,1
DA:62,1
DA:65,1
DA:68,1
DA:76,1
DA:78,1
DA:80,1
DA:82,1
DA:85,1
DA:86,1
DA:89,1
DA:94,1
DA:95,1
DA:98,1
DA:101,1
DA:102,1
DA:103,1
DA:105,1
DA:108,1
DA:109,1
DA:112,1
DA:124,1
DA:126,1
DA:127,1
DA:128,1
DA:130,1
DA:131,1
DA:134,1
DA:142,1
DA:149,1
DA:151,1
DA:152,1
DA:153,1
DA:160,1
DA:161,1
DA:164,1
DA:168,1
DA:169,1
DA:172,1
DA:208,1
DA:221,1
DA:222,1
DA:225,1
DA:226,1
DA:229,1
DA:234,1
DA:240,1
DA:243,1
DA:246,1
DA:247,1
DA:252,1
DA:255,1
LF:74
LH:74
FN:27,34,test_clone_repository
FNDA:1,test_clone_repository
FN:37,48,test_get_commits
FNDA:1,test_get_commits
FN:51,65,test_get_edited_files
FNDA:1,test_get_edited_files
FN:68,91,test_get_loc_changed
FNDA:1,test_get_loc_changed
FN:94,109,test_get_most_recent_commits
FNDA:1,test_get_most_recent_commits
FN:124,131,test_detect_encoding
FNDA:1,test_detect_encoding
FN:142,169,test_find_file_and_read_file
FNDA:1,test_find_file_and_read_file
FN:208,231,test_count_files
FNDA:1,test_count_files
FN:234,255,test_get_remote_url_with_current_repo
FNDA:1,test_get_remote_url_with_current_repo
FNF:9
FNH:9
end_of_record
SF:tests/utils.py
DA:5,1
DA:6,1
DA:9,1
DA:15,0
DA:17,0
DA:18,0
DA:20,0
DA:23,1
DA:34,1
DA:35,1
LF:10
LH:6
FN:9,20,check_subproc_run_for_nonzero
FNDA:0,check_subproc_run_for_nonzero
FN:23,35,run_cli_command
FNDA:1,run_cli_command
FNF:2
FNH:1
end_of_record
